<?xml version="1.0" encoding="UTF-8"?>
<!-- Generated by org.testng.reporters.JUnitReportReporter -->
<testsuite hostname="DESKTOP-OHKP4GE" failures="0" tests="3" name="com.apache.maven.Exeldatadriven" time="0.032" errors="0" timestamp="2022-05-12T16:29:56 IST" skipped="0">
  <testcase classname="com.apache.maven.Exeldatadriven" name="loginTest" time="0.002"/>
  <system-out/>
  <testcase classname="com.apache.maven.Exeldatadriven" name="loginTest" time="0.015"/>
  <system-out/>
  <testcase classname="com.apache.maven.Exeldatadriven" name="loginTest" time="0.015"/>
  <system-out/>
</testsuite> <!-- com.apache.maven.Exeldatadriven -->
